<?xml version="1.0" encoding="utf-8"?>
<CoverageSession xmlns:xsd="http://www.w3.org/2001/XMLSchema" xmlns:xsi="http://www.w3.org/2001/XMLSchema-instance">
  <Summary numSequencePoints="150" visitedSequencePoints="116" numBranchPoints="55" visitedBranchPoints="39" sequenceCoverage="77.33" branchCoverage="70.91" maxCyclomaticComplexity="7" minCyclomaticComplexity="1" visitedClasses="5" numClasses="5" visitedMethods="22" numMethods="27" />
  <Modules>
    <Module skippedDueTo="Filter" hash="64-3D-40-4B-6D-8E-25-3C-0B-96-40-C4-56-92-E9-C6-82-E0-6A-44">
      <ModulePath>C:\Windows\Microsoft.Net\assembly\GAC_64\mscorlib\v4.0_4.0.0.0__b77a5c561934e089\mscorlib.dll</ModulePath>
      <ModuleTime>2016-04-28T02:26:52.636468Z</ModuleTime>
      <ModuleName>mscorlib</ModuleName>
      <Classes />
    </Module>
    <Module skippedDueTo="Filter" hash="C9-73-ED-04-00-C6-51-60-27-F2-A0-0B-90-05-B8-86-6E-DB-6B-00">
      <ModulePath>C:\Code\Personal\nhibernate-json\src\packages\xunit.runner.console.2.1.0\tools\xunit.console.exe</ModulePath>
      <ModuleTime>2017-01-30T03:26:18.0274974Z</ModuleTime>
      <ModuleName>xunit.console</ModuleName>
      <Classes />
    </Module>
    <Module skippedDueTo="Filter" hash="2C-BE-1B-C3-02-35-ED-A0-CC-7C-AB-BA-F1-C5-8D-DE-79-03-01-9A">
      <ModulePath>C:\Code\Personal\nhibernate-json\src\packages\xunit.runner.console.2.1.0\tools\xunit.runner.utility.desktop.dll</ModulePath>
      <ModuleTime>2017-01-30T03:26:18.1147345Z</ModuleTime>
      <ModuleName>xunit.runner.utility.desktop</ModuleName>
      <Classes />
    </Module>
    <Module skippedDueTo="Filter" hash="9E-A9-5D-7F-86-82-4D-02-7D-07-AD-C0-17-06-5D-73-8F-1F-28-44">
      <ModulePath>C:\Code\Personal\nhibernate-json\src\packages\xunit.runner.console.2.1.0\tools\xunit.abstractions.dll</ModulePath>
      <ModuleTime>2017-01-30T03:26:18.005439Z</ModuleTime>
      <ModuleName>xunit.abstractions</ModuleName>
      <Classes />
    </Module>
    <Module skippedDueTo="Filter" hash="4D-26-8B-F9-14-71-C5-6E-1B-29-9B-23-34-D9-DE-98-D8-A2-EF-A2">
      <ModulePath>C:\Windows\Microsoft.Net\assembly\GAC_MSIL\System.Core\v4.0_4.0.0.0__b77a5c561934e089\System.Core.dll</ModulePath>
      <ModuleTime>2016-09-07T01:15:18.5404908Z</ModuleTime>
      <ModuleName>System.Core</ModuleName>
      <Classes />
    </Module>
    <Module skippedDueTo="Filter" hash="AA-84-EA-4A-FD-23-17-44-E5-3B-73-2A-3D-B6-0E-17-EE-E1-53-6A">
      <ModulePath>C:\Code\Personal\nhibernate-json\src\packages\xunit.runner.console.2.1.0\tools\xunit.runner.reporters.desktop.dll</ModulePath>
      <ModuleTime>2017-01-30T03:26:18.0746257Z</ModuleTime>
      <ModuleName>xunit.runner.reporters.desktop</ModuleName>
      <Classes />
    </Module>
    <Module skippedDueTo="Filter" hash="4F-21-10-E6-18-64-7D-61-84-1D-01-2E-E8-10-CE-5F-73-21-43-95">
      <ModulePath>C:\Windows\Microsoft.Net\assembly\GAC_MSIL\System.Net.Http\v4.0_4.0.0.0__b03f5f7f11d50a3a\System.Net.Http.dll</ModulePath>
      <ModuleTime>2015-10-30T07:19:38.1276408Z</ModuleTime>
      <ModuleName>System.Net.Http</ModuleName>
      <Classes />
    </Module>
    <Module skippedDueTo="Filter" hash="C0-93-FE-4F-FD-12-B2-6F-B4-CA-85-4A-31-E8-FF-BB-2B-7C-0C-73">
      <ModulePath>C:\Windows\Microsoft.Net\assembly\GAC_MSIL\System\v4.0_4.0.0.0__b77a5c561934e089\System.dll</ModulePath>
      <ModuleTime>2016-04-27T06:31:03.8601995Z</ModuleTime>
      <ModuleName>System</ModuleName>
      <Classes />
    </Module>
    <Module skippedDueTo="Filter" hash="65-B8-BC-4F-DE-6A-30-F3-64-59-5A-C9-05-07-F8-0D-00-CC-11-47">
      <ModulePath>C:\Windows\Microsoft.Net\assembly\GAC_64\System.Web\v4.0_4.0.0.0__b03f5f7f11d50a3a\System.Web.dll</ModulePath>
      <ModuleTime>2016-02-24T01:49:04.6045612Z</ModuleTime>
      <ModuleName>System.Web</ModuleName>
      <Classes />
    </Module>
    <Module skippedDueTo="Filter" hash="1D-43-36-2D-8B-2E-33-CE-61-DD-23-FB-CF-4A-31-FA-99-EF-8A-A3">
      <ModulePath>C:\Windows\Microsoft.Net\assembly\GAC_MSIL\System.Xml.Linq\v4.0_4.0.0.0__b77a5c561934e089\System.Xml.Linq.dll</ModulePath>
      <ModuleTime>2015-10-30T07:19:31.658911Z</ModuleTime>
      <ModuleName>System.Xml.Linq</ModuleName>
      <Classes />
    </Module>
    <Module skippedDueTo="Filter" hash="14-44-50-38-34-98-5F-C6-45-8B-50-B5-CF-D7-E1-0A-28-8F-5E-E8">
      <ModulePath>C:\Windows\Microsoft.Net\assembly\GAC_MSIL\System.Xml\v4.0_4.0.0.0__b77a5c561934e089\System.Xml.dll</ModulePath>
      <ModuleTime>2016-01-23T02:45:41.3556585Z</ModuleTime>
      <ModuleName>System.Xml</ModuleName>
      <Classes />
    </Module>
    <Module skippedDueTo="Filter" hash="49-F6-B9-FA-89-1F-12-21-02-F2-B4-EB-98-8E-A0-5F-9D-8D-B9-EB">
      <ModulePath>C:\Windows\Microsoft.Net\assembly\GAC_MSIL\System.Configuration\v4.0_4.0.0.0__b03f5f7f11d50a3a\System.Configuration.dll</ModulePath>
      <ModuleTime>2015-10-30T07:19:36.3463962Z</ModuleTime>
      <ModuleName>System.Configuration</ModuleName>
      <Classes />
    </Module>
    <Module skippedDueTo="Filter" hash="2C-BE-1B-C3-02-35-ED-A0-CC-7C-AB-BA-F1-C5-8D-DE-79-03-01-9A">
      <ModulePath>C:\Users\paul.vecchiato\AppData\Local\Temp\4627937d-0067-4f4e-a9da-1be99cd093d9\4627937d-0067-4f4e-a9da-1be99cd093d9\assembly\dl3\af179e81\d1ea999e_a87ad201\xunit.runner.utility.desktop.dll</ModulePath>
      <ModuleTime>2017-02-01T08:16:53.9948727Z</ModuleTime>
      <ModuleName>xunit.runner.utility.desktop</ModuleName>
      <Classes />
    </Module>
    <Module skippedDueTo="Filter" hash="4D-26-8B-F9-14-71-C5-6E-1B-29-9B-23-34-D9-DE-98-D8-A2-EF-A2">
      <ModulePath>C:\Windows\Microsoft.Net\assembly\GAC_MSIL\System.Core\v4.0_4.0.0.0__b77a5c561934e089\System.Core.dll</ModulePath>
      <ModuleTime>2016-09-07T01:15:18.5404908Z</ModuleTime>
      <ModuleName>System.Core</ModuleName>
      <Classes />
    </Module>
    <Module skippedDueTo="Filter" hash="C0-93-FE-4F-FD-12-B2-6F-B4-CA-85-4A-31-E8-FF-BB-2B-7C-0C-73">
      <ModulePath>C:\Windows\Microsoft.Net\assembly\GAC_MSIL\System\v4.0_4.0.0.0__b77a5c561934e089\System.dll</ModulePath>
      <ModuleTime>2016-04-27T06:31:03.8601995Z</ModuleTime>
      <ModuleName>System</ModuleName>
      <Classes />
    </Module>
    <Module skippedDueTo="Filter" hash="">
      <ModulePath>RefEmit_InMemoryManifestModule</ModulePath>
      <ModuleTime>0001-01-01T00:00:00</ModuleTime>
      <ModuleName>Anonymously Hosted DynamicMethods Assembly</ModuleName>
      <Classes />
    </Module>
    <Module skippedDueTo="Filter" hash="56-F3-CC-B9-DD-6C-D7-7A-9A-0F-1E-C1-2C-DA-8B-05-39-37-81-53">
      <ModulePath>C:\Code\Personal\nhibernate-json\src\NHibernate.Json.Tests\bin\NHibernate.Json.Tests.dll</ModulePath>
      <ModuleTime>2017-01-31T12:12:46.9933292Z</ModuleTime>
      <ModuleName>NHibernate.Json.Tests</ModuleName>
      <Classes />
    </Module>
    <Module skippedDueTo="Filter" hash="EB-4D-A8-AE-42-19-6E-35-F8-F8-77-60-37-31-E1-73-A3-3C-5A-9C">
      <ModulePath>C:\Code\Personal\nhibernate-json\src\NHibernate.Json.Tests\bin\FluentNHibernate.dll</ModulePath>
      <ModuleTime>2017-01-30T03:49:39.0346435Z</ModuleTime>
      <ModuleName>FluentNHibernate</ModuleName>
      <Classes />
    </Module>
    <Module skippedDueTo="Filter" hash="70-33-41-9D-22-0D-E3-DF-FD-0D-D5-EE-37-8E-25-36-35-88-F1-5E">
      <ModulePath>C:\Code\Personal\nhibernate-json\src\NHibernate.Json.Tests\bin\NHibernate.dll</ModulePath>
      <ModuleTime>2017-01-30T03:01:21.2921016Z</ModuleTime>
      <ModuleName>NHibernate</ModuleName>
      <Classes />
    </Module>
    <Module skippedDueTo="Filter" hash="51-60-07-3A-41-C0-01-C6-0C-80-56-7D-83-63-89-31-36-5F-A9-FE">
      <ModulePath>C:\Users\paul.vecchiato\AppData\Local\Temp\dfc36982-ef03-418d-bb51-4571af1ab40b\dfc36982-ef03-418d-bb51-4571af1ab40b\assembly\dl3\087dd915\41465698_a87ad201\xunit.execution.desktop.dll</ModulePath>
      <ModuleTime>2017-02-01T08:16:54.3538267Z</ModuleTime>
      <ModuleName>xunit.execution.desktop</ModuleName>
      <Classes />
    </Module>
    <Module skippedDueTo="Filter" hash="9E-A9-5D-7F-86-82-4D-02-7D-07-AD-C0-17-06-5D-73-8F-1F-28-44">
      <ModulePath>C:\Users\paul.vecchiato\AppData\Local\Temp\dfc36982-ef03-418d-bb51-4571af1ab40b\dfc36982-ef03-418d-bb51-4571af1ab40b\assembly\dl3\211afa1c\b885bf9c_a87ad201\xunit.abstractions.dll</ModulePath>
      <ModuleTime>2017-02-01T08:16:54.3839916Z</ModuleTime>
      <ModuleName>xunit.abstractions</ModuleName>
      <Classes />
    </Module>
    <Module skippedDueTo="Filter" hash="C0-93-FE-4F-FD-12-B2-6F-B4-CA-85-4A-31-E8-FF-BB-2B-7C-0C-73">
      <ModulePath>C:\Windows\Microsoft.Net\assembly\GAC_MSIL\System\v4.0_4.0.0.0__b77a5c561934e089\System.dll</ModulePath>
      <ModuleTime>2016-04-27T06:31:03.8601995Z</ModuleTime>
      <ModuleName>System</ModuleName>
      <Classes />
    </Module>
    <Module skippedDueTo="Filter" hash="56-F3-CC-B9-DD-6C-D7-7A-9A-0F-1E-C1-2C-DA-8B-05-39-37-81-53">
      <ModulePath>C:\Users\paul.vecchiato\AppData\Local\Temp\dfc36982-ef03-418d-bb51-4571af1ab40b\dfc36982-ef03-418d-bb51-4571af1ab40b\assembly\dl3\538f5587\ec047455_bb7bd201\NHibernate.Json.Tests.dll</ModulePath>
      <ModuleTime>2017-02-01T08:16:54.437373Z</ModuleTime>
      <ModuleName>NHibernate.Json.Tests</ModuleName>
      <Classes />
    </Module>
    <Module skippedDueTo="Filter" hash="2C-BE-1B-C3-02-35-ED-A0-CC-7C-AB-BA-F1-C5-8D-DE-79-03-01-9A">
      <ModulePath>C:\Users\paul.vecchiato\AppData\Local\Temp\dfc36982-ef03-418d-bb51-4571af1ab40b\dfc36982-ef03-418d-bb51-4571af1ab40b\assembly\dl3\d65650bb\ba1cc49c_a87ad201\xunit.runner.utility.desktop.dll</ModulePath>
      <ModuleTime>2017-02-01T08:16:54.4824696Z</ModuleTime>
      <ModuleName>xunit.runner.utility.desktop</ModuleName>
      <Classes />
    </Module>
    <Module skippedDueTo="Filter" hash="9F-06-B1-CA-CB-A0-C1-4D-45-F5-AA-8F-72-C0-DF-0F-F4-EF-29-CF">
      <ModulePath>C:\Users\paul.vecchiato\AppData\Local\Temp\dfc36982-ef03-418d-bb51-4571af1ab40b\dfc36982-ef03-418d-bb51-4571af1ab40b\assembly\dl3\93602e5a\327cdd97_a87ad201\xunit.core.dll</ModulePath>
      <ModuleTime>2017-02-01T08:16:54.5168494Z</ModuleTime>
      <ModuleName>xunit.core</ModuleName>
      <Classes />
    </Module>
    <Module skippedDueTo="Filter" hash="4D-26-8B-F9-14-71-C5-6E-1B-29-9B-23-34-D9-DE-98-D8-A2-EF-A2">
      <ModulePath>C:\Windows\Microsoft.Net\assembly\GAC_MSIL\System.Core\v4.0_4.0.0.0__b77a5c561934e089\System.Core.dll</ModulePath>
      <ModuleTime>2016-09-07T01:15:18.5404908Z</ModuleTime>
      <ModuleName>System.Core</ModuleName>
      <Classes />
    </Module>
    <Module skippedDueTo="Filter" hash="BC-7B-32-7E-3E-36-53-9E-4D-AA-4E-5B-B4-19-E7-43-BE-B4-5F-42">
      <ModulePath>C:\Windows\Microsoft.Net\assembly\GAC_MSIL\System.Runtime\v4.0_4.0.0.0__b03f5f7f11d50a3a\System.Runtime.dll</ModulePath>
      <ModuleTime>2015-10-30T07:19:38.1276408Z</ModuleTime>
      <ModuleName>System.Runtime</ModuleName>
      <Classes />
    </Module>
    <Module skippedDueTo="Filter" hash="EB-4D-A8-AE-42-19-6E-35-F8-F8-77-60-37-31-E1-73-A3-3C-5A-9C">
      <ModulePath>C:\Users\paul.vecchiato\AppData\Local\Temp\dfc36982-ef03-418d-bb51-4571af1ab40b\dfc36982-ef03-418d-bb51-4571af1ab40b\assembly\dl3\7418b4aa\c3549de1_ab7ad201\FluentNHibernate.dll</ModulePath>
      <ModuleTime>2017-02-01T08:16:54.6745727Z</ModuleTime>
      <ModuleName>FluentNHibernate</ModuleName>
      <Classes />
    </Module>
    <Module skippedDueTo="Filter" hash="70-33-41-9D-22-0D-E3-DF-FD-0D-D5-EE-37-8E-25-36-35-88-F1-5E">
      <ModulePath>C:\Users\paul.vecchiato\AppData\Local\Temp\dfc36982-ef03-418d-bb51-4571af1ab40b\dfc36982-ef03-418d-bb51-4571af1ab40b\assembly\dl3\3ba9ffe1\b8e86c22_a57ad201\NHibernate.dll</ModulePath>
      <ModuleTime>2017-02-01T08:16:54.7367119Z</ModuleTime>
      <ModuleName>NHibernate</ModuleName>
      <Classes />
    </Module>
    <Module skippedDueTo="Filter" hash="F5-60-6B-AD-8D-F6-AE-33-0B-82-DC-5F-7D-DA-19-9A-AB-05-04-E2">
      <ModulePath>C:\Windows\Microsoft.Net\assembly\GAC_MSIL\System.Threading.Tasks\v4.0_4.0.0.0__b03f5f7f11d50a3a\System.Threading.Tasks.dll</ModulePath>
      <ModuleTime>2015-10-30T07:19:36.221397Z</ModuleTime>
      <ModuleName>System.Threading.Tasks</ModuleName>
      <Classes />
    </Module>
    <Module skippedDueTo="Filter" hash="58-96-1B-9B-46-25-3F-DA-DE-29-73-BB-93-35-54-6A-34-CE-62-F0">
      <ModulePath>C:\Windows\Microsoft.Net\assembly\GAC_MSIL\System.Collections\v4.0_4.0.0.0__b03f5f7f11d50a3a\System.Collections.dll</ModulePath>
      <ModuleTime>2015-10-30T07:19:34.2214033Z</ModuleTime>
      <ModuleName>System.Collections</ModuleName>
      <Classes />
    </Module>
    <Module skippedDueTo="Filter" hash="49-F6-B9-FA-89-1F-12-21-02-F2-B4-EB-98-8E-A0-5F-9D-8D-B9-EB">
      <ModulePath>C:\Windows\Microsoft.Net\assembly\GAC_MSIL\System.Configuration\v4.0_4.0.0.0__b03f5f7f11d50a3a\System.Configuration.dll</ModulePath>
      <ModuleTime>2015-10-30T07:19:36.3463962Z</ModuleTime>
      <ModuleName>System.Configuration</ModuleName>
      <Classes />
    </Module>
    <Module hash="8E-73-80-46-57-B4-C8-B6-05-08-ED-05-09-26-08-9B-ED-5A-52-AD">
      <Summary numSequencePoints="150" visitedSequencePoints="116" numBranchPoints="55" visitedBranchPoints="39" sequenceCoverage="77.33" branchCoverage="70.91" maxCyclomaticComplexity="7" minCyclomaticComplexity="1" visitedClasses="5" numClasses="5" visitedMethods="22" numMethods="27" />
      <ModulePath>C:\Users\paul.vecchiato\AppData\Local\Temp\dfc36982-ef03-418d-bb51-4571af1ab40b\dfc36982-ef03-418d-bb51-4571af1ab40b\assembly\dl3\277b907d\d7dcf354_bb7bd201\NHibernate.Json.dll</ModulePath>
      <ModuleTime>2017-02-01T08:16:55.3814265Z</ModuleTime>
      <ModuleName>NHibernate.Json</ModuleName>
      <Files>
        <File uid="1" fullPath="c:\Code\Personal\nhibernate-json\src\NHibernate.Json\Compression\DeflateStreamCompressor.cs" />
        <File uid="2" fullPath="c:\Code\Personal\nhibernate-json\src\NHibernate.Json\Compression\GzipStreamCompressor.cs" />
        <File uid="3" fullPath="c:\Code\Personal\nhibernate-json\src\NHibernate.Json\JsonColumnType.cs" />
        <File uid="4" fullPath="c:\Code\Personal\nhibernate-json\src\NHibernate.Json\JsonCompressor.cs" />
        <File uid="5" fullPath="c:\Code\Personal\nhibernate-json\src\NHibernate.Json\JsonWorker.cs" />
      </Files>
      <Classes>
        <Class>
          <Summary numSequencePoints="0" visitedSequencePoints="0" numBranchPoints="0" visitedBranchPoints="0" sequenceCoverage="0" branchCoverage="0" maxCyclomaticComplexity="0" minCyclomaticComplexity="0" visitedClasses="0" numClasses="0" visitedMethods="0" numMethods="0" />
          <FullName>&lt;Module&gt;</FullName>
          <Methods />
        </Class>
        <Class>
          <Summary numSequencePoints="17" visitedSequencePoints="17" numBranchPoints="2" visitedBranchPoints="2" sequenceCoverage="100" branchCoverage="100" maxCyclomaticComplexity="4" minCyclomaticComplexity="1" visitedClasses="1" numClasses="1" visitedMethods="2" numMethods="2" />
          <FullName>NHibernate.Json.Compression.DeflateStreamCompressor</FullName>
          <Methods>
            <Method visited="true" cyclomaticComplexity="4" nPathComplexity="0" sequenceCoverage="100" branchCoverage="100" isConstructor="false" isStatic="true" isGetter="false" isSetter="false">
              <Summary numSequencePoints="10" visitedSequencePoints="10" numBranchPoints="1" visitedBranchPoints="1" sequenceCoverage="100" branchCoverage="100" maxCyclomaticComplexity="4" minCyclomaticComplexity="4" visitedClasses="0" numClasses="0" visitedMethods="1" numMethods="1" />
              <MetadataToken>100663297</MetadataToken>
              <Name>System.String NHibernate.Json.Compression.DeflateStreamCompressor::Compress(System.String)</Name>
              <FileRef uid="1" />
              <SequencePoints>
                <SequencePoint vc="14" uspid="1" ordinal="0" offset="0" sl="11" sc="9" el="11" ec="10" bec="0" bev="0" fileid="1" />
                <SequencePoint vc="14" uspid="2" ordinal="1" offset="1" sl="12" sc="20" el="12" ec="57" bec="0" bev="0" fileid="1" />
                <SequencePoint vc="14" uspid="3" ordinal="2" offset="7" sl="13" sc="13" el="13" ec="14" bec="0" bev="0" fileid="1" />
                <SequencePoint vc="14" uspid="4" ordinal="3" offset="8" sl="14" sc="24" el="14" ec="97" bec="0" bev="0" fileid="1" />
                <SequencePoint vc="14" uspid="5" ordinal="4" offset="16" sl="15" sc="24" el="15" ec="82" bec="0" bev="0" fileid="1" />
                <SequencePoint vc="14" uspid="6" ordinal="5" offset="28" sl="16" sc="17" el="16" ec="18" bec="0" bev="0" fileid="1" />
                <SequencePoint vc="14" uspid="7" ordinal="6" offset="29" sl="17" sc="21" el="17" ec="41" bec="0" bev="0" fileid="1" />
                <SequencePoint vc="14" uspid="8" ordinal="7" offset="37" sl="18" sc="17" el="18" ec="18" bec="0" bev="0" fileid="1" />
                <SequencePoint vc="14" uspid="9" ordinal="8" offset="80" sl="19" sc="17" el="19" ec="71" bec="0" bev="0" fileid="1" />
                <SequencePoint vc="14" uspid="10" ordinal="9" offset="113" sl="21" sc="9" el="21" ec="10" bec="0" bev="0" fileid="1" />
              </SequencePoints>
              <BranchPoints />
              <MethodPoint xsi:type="SequencePoint" vc="14" uspid="1" ordinal="0" offset="0" sl="11" sc="9" el="11" ec="10" bec="0" bev="0" fileid="1" />
            </Method>
            <Method visited="true" cyclomaticComplexity="4" nPathComplexity="0" sequenceCoverage="100" branchCoverage="100" isConstructor="false" isStatic="true" isGetter="false" isSetter="false">
              <Summary numSequencePoints="7" visitedSequencePoints="7" numBranchPoints="1" visitedBranchPoints="1" sequenceCoverage="100" branchCoverage="100" maxCyclomaticComplexity="4" minCyclomaticComplexity="4" visitedClasses="0" numClasses="0" visitedMethods="1" numMethods="1" />
              <MetadataToken>100663298</MetadataToken>
              <Name>System.String NHibernate.Json.Compression.DeflateStreamCompressor::Decompress(System.Byte[])</Name>
              <FileRef uid="1" />
              <SequencePoints>
                <SequencePoint vc="1" uspid="11" ordinal="0" offset="0" sl="24" sc="9" el="24" ec="10" bec="0" bev="0" fileid="1" />
                <SequencePoint vc="1" uspid="12" ordinal="1" offset="1" sl="25" sc="20" el="25" ec="62" bec="0" bev="0" fileid="1" />
                <SequencePoint vc="1" uspid="13" ordinal="2" offset="8" sl="26" sc="20" el="26" ec="95" bec="0" bev="0" fileid="1" />
                <SequencePoint vc="1" uspid="14" ordinal="3" offset="16" sl="27" sc="20" el="27" ec="78" bec="0" bev="0" fileid="1" />
                <SequencePoint vc="1" uspid="15" ordinal="4" offset="28" sl="28" sc="13" el="28" ec="14" bec="0" bev="0" fileid="1" />
                <SequencePoint vc="1" uspid="16" ordinal="5" offset="29" sl="29" sc="17" el="29" ec="43" bec="0" bev="0" fileid="1" />
                <SequencePoint vc="1" uspid="17" ordinal="6" offset="93" sl="31" sc="9" el="31" ec="10" bec="0" bev="0" fileid="1" />
              </SequencePoints>
              <BranchPoints />
              <MethodPoint xsi:type="SequencePoint" vc="1" uspid="11" ordinal="0" offset="0" sl="24" sc="9" el="24" ec="10" bec="0" bev="0" fileid="1" />
            </Method>
            <Method visited="false" cyclomaticComplexity="1" nPathComplexity="0" sequenceCoverage="0" branchCoverage="0" isConstructor="true" isStatic="false" isGetter="false" isSetter="false">
              <Summary numSequencePoints="0" visitedSequencePoints="0" numBranchPoints="0" visitedBranchPoints="0" sequenceCoverage="0" branchCoverage="0" maxCyclomaticComplexity="1" minCyclomaticComplexity="1" visitedClasses="0" numClasses="0" visitedMethods="0" numMethods="0" />
              <MetadataToken>100663299</MetadataToken>
              <Name>System.Void NHibernate.Json.Compression.DeflateStreamCompressor::.ctor()</Name>
              <SequencePoints />
              <BranchPoints />
              <MethodPoint vc="0" uspid="18" ordinal="0" offset="0" />
            </Method>
          </Methods>
        </Class>
        <Class>
          <Summary numSequencePoints="17" visitedSequencePoints="17" numBranchPoints="2" visitedBranchPoints="2" sequenceCoverage="100" branchCoverage="100" maxCyclomaticComplexity="4" minCyclomaticComplexity="1" visitedClasses="1" numClasses="1" visitedMethods="2" numMethods="2" />
          <FullName>NHibernate.Json.Compression.GzipStreamCompressor</FullName>
          <Methods>
            <Method visited="true" cyclomaticComplexity="4" nPathComplexity="0" sequenceCoverage="100" branchCoverage="100" isConstructor="false" isStatic="true" isGetter="false" isSetter="false">
              <Summary numSequencePoints="10" visitedSequencePoints="10" numBranchPoints="1" visitedBranchPoints="1" sequenceCoverage="100" branchCoverage="100" maxCyclomaticComplexity="4" minCyclomaticComplexity="4" visitedClasses="0" numClasses="0" visitedMethods="1" numMethods="1" />
              <MetadataToken>100663300</MetadataToken>
              <Name>System.String NHibernate.Json.Compression.GzipStreamCompressor::Compress(System.String)</Name>
              <FileRef uid="2" />
              <SequencePoints>
                <SequencePoint vc="2" uspid="19" ordinal="0" offset="0" sl="11" sc="9" el="11" ec="10" bec="0" bev="0" fileid="2" />
                <SequencePoint vc="2" uspid="20" ordinal="1" offset="1" sl="12" sc="20" el="12" ec="57" bec="0" bev="0" fileid="2" />
                <SequencePoint vc="2" uspid="21" ordinal="2" offset="7" sl="13" sc="13" el="13" ec="14" bec="0" bev="0" fileid="2" />
                <SequencePoint vc="2" uspid="22" ordinal="3" offset="8" sl="14" sc="24" el="14" ec="94" bec="0" bev="0" fileid="2" />
                <SequencePoint vc="2" uspid="23" ordinal="4" offset="16" sl="15" sc="24" el="15" ec="82" bec="0" bev="0" fileid="2" />
                <SequencePoint vc="2" uspid="24" ordinal="5" offset="28" sl="16" sc="17" el="16" ec="18" bec="0" bev="0" fileid="2" />
                <SequencePoint vc="2" uspid="25" ordinal="6" offset="29" sl="17" sc="21" el="17" ec="41" bec="0" bev="0" fileid="2" />
                <SequencePoint vc="2" uspid="26" ordinal="7" offset="37" sl="18" sc="17" el="18" ec="18" bec="0" bev="0" fileid="2" />
                <SequencePoint vc="2" uspid="27" ordinal="8" offset="80" sl="19" sc="17" el="19" ec="71" bec="0" bev="0" fileid="2" />
                <SequencePoint vc="2" uspid="28" ordinal="9" offset="113" sl="21" sc="9" el="21" ec="10" bec="0" bev="0" fileid="2" />
              </SequencePoints>
              <BranchPoints />
              <MethodPoint xsi:type="SequencePoint" vc="2" uspid="19" ordinal="0" offset="0" sl="11" sc="9" el="11" ec="10" bec="0" bev="0" fileid="2" />
            </Method>
            <Method visited="true" cyclomaticComplexity="4" nPathComplexity="0" sequenceCoverage="100" branchCoverage="100" isConstructor="false" isStatic="true" isGetter="false" isSetter="false">
              <Summary numSequencePoints="7" visitedSequencePoints="7" numBranchPoints="1" visitedBranchPoints="1" sequenceCoverage="100" branchCoverage="100" maxCyclomaticComplexity="4" minCyclomaticComplexity="4" visitedClasses="0" numClasses="0" visitedMethods="1" numMethods="1" />
              <MetadataToken>100663301</MetadataToken>
              <Name>System.String NHibernate.Json.Compression.GzipStreamCompressor::Decompress(System.Byte[])</Name>
              <FileRef uid="2" />
              <SequencePoints>
                <SequencePoint vc="1" uspid="29" ordinal="0" offset="0" sl="24" sc="9" el="24" ec="10" bec="0" bev="0" fileid="2" />
                <SequencePoint vc="1" uspid="30" ordinal="1" offset="1" sl="25" sc="20" el="25" ec="62" bec="0" bev="0" fileid="2" />
                <SequencePoint vc="1" uspid="31" ordinal="2" offset="8" sl="26" sc="20" el="26" ec="92" bec="0" bev="0" fileid="2" />
                <SequencePoint vc="1" uspid="32" ordinal="3" offset="16" sl="27" sc="20" el="27" ec="78" bec="0" bev="0" fileid="2" />
                <SequencePoint vc="1" uspid="33" ordinal="4" offset="28" sl="28" sc="13" el="28" ec="14" bec="0" bev="0" fileid="2" />
                <SequencePoint vc="1" uspid="34" ordinal="5" offset="29" sl="29" sc="17" el="29" ec="43" bec="0" bev="0" fileid="2" />
                <SequencePoint vc="1" uspid="35" ordinal="6" offset="93" sl="31" sc="9" el="31" ec="10" bec="0" bev="0" fileid="2" />
              </SequencePoints>
              <BranchPoints />
              <MethodPoint xsi:type="SequencePoint" vc="1" uspid="29" ordinal="0" offset="0" sl="24" sc="9" el="24" ec="10" bec="0" bev="0" fileid="2" />
            </Method>
            <Method visited="false" cyclomaticComplexity="1" nPathComplexity="0" sequenceCoverage="0" branchCoverage="0" isConstructor="true" isStatic="false" isGetter="false" isSetter="false">
              <Summary numSequencePoints="0" visitedSequencePoints="0" numBranchPoints="0" visitedBranchPoints="0" sequenceCoverage="0" branchCoverage="0" maxCyclomaticComplexity="1" minCyclomaticComplexity="1" visitedClasses="0" numClasses="0" visitedMethods="0" numMethods="0" />
              <MetadataToken>100663302</MetadataToken>
              <Name>System.Void NHibernate.Json.Compression.GzipStreamCompressor::.ctor()</Name>
              <SequencePoints />
              <BranchPoints />
              <MethodPoint vc="0" uspid="36" ordinal="0" offset="0" />
            </Method>
          </Methods>
        </Class>
        <Class>
          <Summary numSequencePoints="71" visitedSequencePoints="43" numBranchPoints="28" visitedBranchPoints="15" sequenceCoverage="60.56" branchCoverage="53.57" maxCyclomaticComplexity="5" minCyclomaticComplexity="1" visitedClasses="1" numClasses="1" visitedMethods="9" numMethods="14" />
          <FullName>NHibernate.Json.JsonColumnType`1</FullName>
          <Methods>
            <Method visited="true" cyclomaticComplexity="1" nPathComplexity="0" sequenceCoverage="100" branchCoverage="100" isConstructor="false" isStatic="false" isGetter="true" isSetter="false">
              <Summary numSequencePoints="3" visitedSequencePoints="3" numBranchPoints="1" visitedBranchPoints="1" sequenceCoverage="100" branchCoverage="100" maxCyclomaticComplexity="1" minCyclomaticComplexity="1" visitedClasses="0" numClasses="0" visitedMethods="1" numMethods="1" />
              <MetadataToken>100663303</MetadataToken>
              <Name>System.Type NHibernate.Json.JsonColumnType`1::get_ReturnedType()</Name>
              <FileRef uid="3" />
              <SequencePoints>
                <SequencePoint vc="6" uspid="37" ordinal="0" offset="0" sl="13" sc="17" el="13" ec="18" bec="0" bev="0" fileid="3" />
                <SequencePoint vc="6" uspid="38" ordinal="1" offset="1" sl="13" sc="19" el="13" ec="37" bec="0" bev="0" fileid="3" />
                <SequencePoint vc="6" uspid="39" ordinal="2" offset="14" sl="13" sc="38" el="13" ec="39" bec="0" bev="0" fileid="3" />
              </SequencePoints>
              <BranchPoints />
              <MethodPoint xsi:type="SequencePoint" vc="6" uspid="37" ordinal="0" offset="0" sl="13" sc="17" el="13" ec="18" bec="0" bev="0" fileid="3" />
            </Method>
            <Method visited="true" cyclomaticComplexity="1" nPathComplexity="0" sequenceCoverage="100" branchCoverage="100" isConstructor="false" isStatic="false" isGetter="true" isSetter="false">
              <Summary numSequencePoints="3" visitedSequencePoints="3" numBranchPoints="1" visitedBranchPoints="1" sequenceCoverage="100" branchCoverage="100" maxCyclomaticComplexity="1" minCyclomaticComplexity="1" visitedClasses="0" numClasses="0" visitedMethods="1" numMethods="1" />
              <MetadataToken>100663309</MetadataToken>
              <Name>System.Boolean NHibernate.Json.JsonColumnType`1::get_IsMutable()</Name>
              <FileRef uid="3" />
              <SequencePoints>
                <SequencePoint vc="3" uspid="40" ordinal="0" offset="0" sl="58" sc="17" el="58" ec="18" bec="0" bev="0" fileid="3" />
                <SequencePoint vc="3" uspid="41" ordinal="1" offset="1" sl="58" sc="19" el="58" ec="32" bec="0" bev="0" fileid="3" />
                <SequencePoint vc="3" uspid="42" ordinal="2" offset="5" sl="58" sc="33" el="58" ec="34" bec="0" bev="0" fileid="3" />
              </SequencePoints>
              <BranchPoints />
              <MethodPoint xsi:type="SequencePoint" vc="3" uspid="40" ordinal="0" offset="0" sl="58" sc="17" el="58" ec="18" bec="0" bev="0" fileid="3" />
            </Method>
            <Method visited="true" cyclomaticComplexity="1" nPathComplexity="0" sequenceCoverage="100" branchCoverage="100" isConstructor="false" isStatic="false" isGetter="true" isSetter="false">
              <Summary numSequencePoints="5" visitedSequencePoints="5" numBranchPoints="1" visitedBranchPoints="1" sequenceCoverage="100" branchCoverage="100" maxCyclomaticComplexity="1" minCyclomaticComplexity="1" visitedClasses="0" numClasses="0" visitedMethods="1" numMethods="1" />
              <MetadataToken>100663313</MetadataToken>
              <Name>NHibernate.SqlTypes.SqlType[] NHibernate.Json.JsonColumnType`1::get_SqlTypes()</Name>
              <FileRef uid="3" />
              <SequencePoints>
                <SequencePoint vc="3" uspid="43" ordinal="0" offset="0" sl="91" sc="13" el="91" ec="14" bec="0" bev="0" fileid="3" />
                <SequencePoint vc="3" uspid="44" ordinal="1" offset="1" sl="93" sc="17" el="93" ec="44" bec="0" bev="0" fileid="3" />
                <SequencePoint vc="3" uspid="45" ordinal="2" offset="8" sl="94" sc="17" el="94" ec="55" bec="0" bev="0" fileid="3" />
                <SequencePoint vc="3" uspid="46" ordinal="3" offset="18" sl="95" sc="17" el="95" ec="30" bec="0" bev="0" fileid="3" />
                <SequencePoint vc="3" uspid="47" ordinal="4" offset="22" sl="96" sc="13" el="96" ec="14" bec="0" bev="0" fileid="3" />
              </SequencePoints>
              <BranchPoints />
              <MethodPoint xsi:type="SequencePoint" vc="3" uspid="43" ordinal="0" offset="0" sl="91" sc="13" el="91" ec="14" bec="0" bev="0" fileid="3" />
            </Method>
            <Method visited="false" cyclomaticComplexity="1" nPathComplexity="0" sequenceCoverage="0" branchCoverage="0" isConstructor="false" isStatic="false" isGetter="false" isSetter="false">
              <Summary numSequencePoints="3" visitedSequencePoints="0" numBranchPoints="1" visitedBranchPoints="0" sequenceCoverage="0" branchCoverage="0" maxCyclomaticComplexity="1" minCyclomaticComplexity="1" visitedClasses="0" numClasses="0" visitedMethods="0" numMethods="1" />
              <MetadataToken>100663304</MetadataToken>
              <Name>System.Object NHibernate.Json.JsonColumnType`1::Assemble(System.Object,System.Object)</Name>
              <FileRef uid="3" />
              <SequencePoints>
                <SequencePoint vc="0" uspid="48" ordinal="0" offset="0" sl="17" sc="9" el="17" ec="10" bec="0" bev="0" fileid="3" />
                <SequencePoint vc="0" uspid="49" ordinal="1" offset="1" sl="19" sc="13" el="19" ec="27" bec="0" bev="0" fileid="3" />
                <SequencePoint vc="0" uspid="50" ordinal="2" offset="5" sl="20" sc="9" el="20" ec="10" bec="0" bev="0" fileid="3" />
              </SequencePoints>
              <BranchPoints />
              <MethodPoint xsi:type="SequencePoint" vc="0" uspid="48" ordinal="0" offset="0" sl="17" sc="9" el="17" ec="10" bec="0" bev="0" fileid="3" />
            </Method>
            <Method visited="true" cyclomaticComplexity="3" nPathComplexity="4" sequenceCoverage="71.43" branchCoverage="60" isConstructor="false" isStatic="false" isGetter="false" isSetter="false">
              <Summary numSequencePoints="7" visitedSequencePoints="5" numBranchPoints="5" visitedBranchPoints="3" sequenceCoverage="71.43" branchCoverage="60" maxCyclomaticComplexity="3" minCyclomaticComplexity="3" visitedClasses="0" numClasses="0" visitedMethods="1" numMethods="1" />
              <MetadataToken>100663305</MetadataToken>
              <Name>System.Object NHibernate.Json.JsonColumnType`1::DeepCopy(System.Object)</Name>
              <FileRef uid="3" />
              <SequencePoints>
                <SequencePoint vc="4" uspid="51" ordinal="0" offset="0" sl="23" sc="9" el="23" ec="10" bec="0" bev="0" fileid="3" />
                <SequencePoint vc="4" uspid="52" ordinal="1" offset="1" sl="25" sc="13" el="25" ec="31" bec="2" bev="1" fileid="3" />
                <SequencePoint vc="0" uspid="53" ordinal="2" offset="12" sl="26" sc="17" el="26" ec="29" bec="0" bev="0" fileid="3" />
                <SequencePoint vc="4" uspid="54" ordinal="3" offset="16" sl="27" sc="13" el="27" ec="47" bec="2" bev="1" fileid="3" />
                <SequencePoint vc="0" uspid="55" ordinal="4" offset="44" sl="28" sc="17" el="28" ec="29" bec="0" bev="0" fileid="3" />
                <SequencePoint vc="4" uspid="56" ordinal="5" offset="48" sl="29" sc="13" el="29" ec="48" bec="0" bev="0" fileid="3" />
                <SequencePoint vc="4" uspid="57" ordinal="6" offset="72" sl="30" sc="9" el="30" ec="10" bec="0" bev="0" fileid="3" />
              </SequencePoints>
              <BranchPoints>
                <BranchPoint vc="0" uspid="58" ordinal="0" offset="10" sl="25" path="0" offsetend="12" fileid="3" />
                <BranchPoint vc="4" uspid="59" ordinal="1" offset="10" sl="25" path="1" offsetend="16" fileid="3" />
                <BranchPoint vc="0" uspid="60" ordinal="2" offset="42" sl="27" path="0" offsetend="44" fileid="3" />
                <BranchPoint vc="4" uspid="61" ordinal="3" offset="42" sl="27" path="1" offsetend="48" fileid="3" />
              </BranchPoints>
              <MethodPoint xsi:type="SequencePoint" vc="4" uspid="51" ordinal="0" offset="0" sl="23" sc="9" el="23" ec="10" bec="0" bev="0" fileid="3" />
            </Method>
            <Method visited="false" cyclomaticComplexity="1" nPathComplexity="0" sequenceCoverage="0" branchCoverage="0" isConstructor="false" isStatic="false" isGetter="false" isSetter="false">
              <Summary numSequencePoints="3" visitedSequencePoints="0" numBranchPoints="1" visitedBranchPoints="0" sequenceCoverage="0" branchCoverage="0" maxCyclomaticComplexity="1" minCyclomaticComplexity="1" visitedClasses="0" numClasses="0" visitedMethods="0" numMethods="1" />
              <MetadataToken>100663306</MetadataToken>
              <Name>System.Object NHibernate.Json.JsonColumnType`1::Disassemble(System.Object)</Name>
              <FileRef uid="3" />
              <SequencePoints>
                <SequencePoint vc="0" uspid="62" ordinal="0" offset="0" sl="33" sc="9" el="33" ec="10" bec="0" bev="0" fileid="3" />
                <SequencePoint vc="0" uspid="63" ordinal="1" offset="1" sl="35" sc="13" el="35" ec="26" bec="0" bev="0" fileid="3" />
                <SequencePoint vc="0" uspid="64" ordinal="2" offset="5" sl="36" sc="9" el="36" ec="10" bec="0" bev="0" fileid="3" />
              </SequencePoints>
              <BranchPoints />
              <MethodPoint xsi:type="SequencePoint" vc="0" uspid="62" ordinal="0" offset="0" sl="33" sc="9" el="33" ec="10" bec="0" bev="0" fileid="3" />
            </Method>
            <Method visited="true" cyclomaticComplexity="5" nPathComplexity="4" sequenceCoverage="71.43" branchCoverage="60" isConstructor="false" isStatic="false" isGetter="false" isSetter="false">
              <Summary numSequencePoints="7" visitedSequencePoints="5" numBranchPoints="5" visitedBranchPoints="3" sequenceCoverage="71.43" branchCoverage="60" maxCyclomaticComplexity="5" minCyclomaticComplexity="5" visitedClasses="0" numClasses="0" visitedMethods="1" numMethods="1" />
              <MetadataToken>100663307</MetadataToken>
              <Name>System.Boolean NHibernate.Json.JsonColumnType`1::Equals(System.Object,System.Object)</Name>
              <FileRef uid="3" />
              <SequencePoints>
                <SequencePoint vc="2" uspid="65" ordinal="0" offset="0" sl="39" sc="9" el="39" ec="10" bec="0" bev="0" fileid="3" />
                <SequencePoint vc="2" uspid="66" ordinal="1" offset="1" sl="42" sc="13" el="42" ec="40" bec="2" bev="1" fileid="3" />
                <SequencePoint vc="0" uspid="67" ordinal="2" offset="19" sl="43" sc="17" el="43" ec="30" bec="0" bev="0" fileid="3" />
                <SequencePoint vc="2" uspid="68" ordinal="3" offset="23" sl="44" sc="13" el="44" ec="72" bec="2" bev="1" fileid="3" />
                <SequencePoint vc="0" uspid="69" ordinal="4" offset="78" sl="45" sc="17" el="45" ec="30" bec="0" bev="0" fileid="3" />
                <SequencePoint vc="2" uspid="70" ordinal="5" offset="82" sl="46" sc="13" el="46" ec="56" bec="0" bev="0" fileid="3" />
                <SequencePoint vc="2" uspid="71" ordinal="6" offset="112" sl="47" sc="9" el="47" ec="10" bec="0" bev="0" fileid="3" />
              </SequencePoints>
              <BranchPoints>
                <BranchPoint vc="0" uspid="74" ordinal="2" offset="17" sl="42" path="0" offsetend="19" fileid="3" />
                <BranchPoint vc="2" uspid="75" ordinal="3" offset="17" sl="42" path="1" offsetend="23" fileid="3" />
                <BranchPoint vc="0" uspid="78" ordinal="6" offset="76" sl="44" path="0" offsetend="78" fileid="3" />
                <BranchPoint vc="2" uspid="79" ordinal="7" offset="76" sl="44" path="1" offsetend="82" fileid="3" />
              </BranchPoints>
              <MethodPoint xsi:type="SequencePoint" vc="2" uspid="65" ordinal="0" offset="0" sl="39" sc="9" el="39" ec="10" bec="0" bev="0" fileid="3" />
            </Method>
            <Method visited="false" cyclomaticComplexity="3" nPathComplexity="2" sequenceCoverage="0" branchCoverage="0" isConstructor="false" isStatic="false" isGetter="false" isSetter="false">
              <Summary numSequencePoints="5" visitedSequencePoints="0" numBranchPoints="3" visitedBranchPoints="0" sequenceCoverage="0" branchCoverage="0" maxCyclomaticComplexity="3" minCyclomaticComplexity="3" visitedClasses="0" numClasses="0" visitedMethods="0" numMethods="1" />
              <MetadataToken>100663308</MetadataToken>
              <Name>System.Int32 NHibernate.Json.JsonColumnType`1::GetHashCode(System.Object)</Name>
              <FileRef uid="3" />
              <SequencePoints>
                <SequencePoint vc="0" uspid="80" ordinal="0" offset="0" sl="50" sc="9" el="50" ec="10" bec="0" bev="0" fileid="3" />
                <SequencePoint vc="0" uspid="81" ordinal="1" offset="1" sl="51" sc="13" el="51" ec="56" bec="2" bev="0" fileid="3" />
                <SequencePoint vc="0" uspid="82" ordinal="2" offset="36" sl="52" sc="17" el="52" ec="52" bec="0" bev="0" fileid="3" />
                <SequencePoint vc="0" uspid="83" ordinal="3" offset="55" sl="53" sc="13" el="53" ec="36" bec="0" bev="0" fileid="3" />
                <SequencePoint vc="0" uspid="84" ordinal="4" offset="64" sl="54" sc="9" el="54" ec="10" bec="0" bev="0" fileid="3" />
              </SequencePoints>
              <BranchPoints>
                <BranchPoint vc="0" uspid="87" ordinal="2" offset="34" sl="51" path="0" offsetend="36" fileid="3" />
                <BranchPoint vc="0" uspid="88" ordinal="3" offset="34" sl="51" path="1" offsetend="55" fileid="3" />
              </BranchPoints>
              <MethodPoint xsi:type="SequencePoint" vc="0" uspid="80" ordinal="0" offset="0" sl="50" sc="9" el="50" ec="10" bec="0" bev="0" fileid="3" />
            </Method>
            <Method visited="false" cyclomaticComplexity="1" nPathComplexity="0" sequenceCoverage="0" branchCoverage="0" isConstructor="false" isStatic="false" isGetter="false" isSetter="false">
              <Summary numSequencePoints="4" visitedSequencePoints="0" numBranchPoints="1" visitedBranchPoints="0" sequenceCoverage="0" branchCoverage="0" maxCyclomaticComplexity="1" minCyclomaticComplexity="1" visitedClasses="0" numClasses="0" visitedMethods="0" numMethods="1" />
              <MetadataToken>100663310</MetadataToken>
              <Name>System.Object NHibernate.Json.JsonColumnType`1::NullSafeGet(System.Data.IDataReader,System.String[],System.Object)</Name>
              <FileRef uid="3" />
              <SequencePoints>
                <SequencePoint vc="0" uspid="89" ordinal="0" offset="0" sl="62" sc="9" el="62" ec="10" bec="0" bev="0" fileid="3" />
                <SequencePoint vc="0" uspid="90" ordinal="1" offset="1" sl="64" sc="13" el="64" ec="87" bec="0" bev="0" fileid="3" />
                <SequencePoint vc="0" uspid="91" ordinal="2" offset="21" sl="67" sc="13" el="67" ec="41" bec="0" bev="0" fileid="3" />
                <SequencePoint vc="0" uspid="92" ordinal="3" offset="35" sl="68" sc="9" el="68" ec="10" bec="0" bev="0" fileid="3" />
              </SequencePoints>
              <BranchPoints />
              <MethodPoint xsi:type="SequencePoint" vc="0" uspid="89" ordinal="0" offset="0" sl="62" sc="9" el="62" ec="10" bec="0" bev="0" fileid="3" />
            </Method>
            <Method visited="true" cyclomaticComplexity="2" nPathComplexity="2" sequenceCoverage="62.5" branchCoverage="66.67" isConstructor="false" isStatic="false" isGetter="false" isSetter="false">
              <Summary numSequencePoints="8" visitedSequencePoints="5" numBranchPoints="3" visitedBranchPoints="2" sequenceCoverage="62.5" branchCoverage="66.67" maxCyclomaticComplexity="2" minCyclomaticComplexity="2" visitedClasses="0" numClasses="0" visitedMethods="1" numMethods="1" />
              <MetadataToken>100663311</MetadataToken>
              <Name>System.Void NHibernate.Json.JsonColumnType`1::NullSafeSet(System.Data.IDbCommand,System.Object,System.Int32)</Name>
              <FileRef uid="3" />
              <SequencePoints>
                <SequencePoint vc="4" uspid="93" ordinal="0" offset="0" sl="71" sc="9" el="71" ec="10" bec="0" bev="0" fileid="3" />
                <SequencePoint vc="4" uspid="94" ordinal="1" offset="1" sl="73" sc="13" el="73" ec="31" bec="2" bev="1" fileid="3" />
                <SequencePoint vc="0" uspid="95" ordinal="2" offset="12" sl="74" sc="13" el="74" ec="14" bec="0" bev="0" fileid="3" />
                <SequencePoint vc="0" uspid="96" ordinal="3" offset="13" sl="75" sc="17" el="75" ec="69" bec="0" bev="0" fileid="3" />
                <SequencePoint vc="0" uspid="97" ordinal="4" offset="27" sl="76" sc="17" el="76" ec="24" bec="0" bev="0" fileid="3" />
                <SequencePoint vc="4" uspid="98" ordinal="5" offset="29" sl="78" sc="13" el="78" ec="39" bec="0" bev="0" fileid="3" />
                <SequencePoint vc="4" uspid="99" ordinal="6" offset="42" sl="79" sc="13" el="79" ec="66" bec="0" bev="0" fileid="3" />
                <SequencePoint vc="4" uspid="100" ordinal="7" offset="56" sl="80" sc="9" el="80" ec="10" bec="0" bev="0" fileid="3" />
              </SequencePoints>
              <BranchPoints>
                <BranchPoint vc="0" uspid="101" ordinal="0" offset="10" sl="73" path="0" offsetend="12" fileid="3" />
                <BranchPoint vc="4" uspid="102" ordinal="1" offset="10" sl="73" path="1" offsetend="29" fileid="3" />
              </BranchPoints>
              <MethodPoint xsi:type="SequencePoint" vc="4" uspid="93" ordinal="0" offset="0" sl="71" sc="9" el="71" ec="10" bec="0" bev="0" fileid="3" />
            </Method>
            <Method visited="false" cyclomaticComplexity="1" nPathComplexity="0" sequenceCoverage="0" branchCoverage="0" isConstructor="false" isStatic="false" isGetter="false" isSetter="false">
              <Summary numSequencePoints="3" visitedSequencePoints="0" numBranchPoints="1" visitedBranchPoints="0" sequenceCoverage="0" branchCoverage="0" maxCyclomaticComplexity="1" minCyclomaticComplexity="1" visitedClasses="0" numClasses="0" visitedMethods="0" numMethods="1" />
              <MetadataToken>100663312</MetadataToken>
              <Name>System.Object NHibernate.Json.JsonColumnType`1::Replace(System.Object,System.Object,System.Object)</Name>
              <FileRef uid="3" />
              <SequencePoints>
                <SequencePoint vc="0" uspid="103" ordinal="0" offset="0" sl="83" sc="9" el="83" ec="10" bec="0" bev="0" fileid="3" />
                <SequencePoint vc="0" uspid="104" ordinal="1" offset="1" sl="85" sc="13" el="85" ec="29" bec="0" bev="0" fileid="3" />
                <SequencePoint vc="0" uspid="105" ordinal="2" offset="5" sl="86" sc="9" el="86" ec="10" bec="0" bev="0" fileid="3" />
              </SequencePoints>
              <BranchPoints />
              <MethodPoint xsi:type="SequencePoint" vc="0" uspid="103" ordinal="0" offset="0" sl="83" sc="9" el="83" ec="10" bec="0" bev="0" fileid="3" />
            </Method>
            <Method visited="true" cyclomaticComplexity="2" nPathComplexity="2" sequenceCoverage="66.67" branchCoverage="66.67" isConstructor="false" isStatic="true" isGetter="false" isSetter="false">
              <Summary numSequencePoints="6" visitedSequencePoints="4" numBranchPoints="3" visitedBranchPoints="2" sequenceCoverage="66.67" branchCoverage="66.67" maxCyclomaticComplexity="2" minCyclomaticComplexity="2" visitedClasses="0" numClasses="0" visitedMethods="1" numMethods="1" />
              <MetadataToken>100663314</MetadataToken>
              <Name>T NHibernate.Json.JsonColumnType`1::FromJson(System.String)</Name>
              <FileRef uid="3" />
              <SequencePoints>
                <SequencePoint vc="4" uspid="106" ordinal="0" offset="0" sl="100" sc="9" el="100" ec="10" bec="0" bev="0" fileid="3" />
                <SequencePoint vc="4" uspid="107" ordinal="1" offset="1" sl="101" sc="13" el="101" ec="56" bec="2" bev="1" fileid="3" />
                <SequencePoint vc="4" uspid="108" ordinal="2" offset="11" sl="102" sc="17" el="102" ec="49" bec="0" bev="0" fileid="3" />
                <SequencePoint vc="0" uspid="109" ordinal="3" offset="29" sl="103" sc="13" el="103" ec="70" bec="0" bev="0" fileid="3" />
                <SequencePoint vc="0" uspid="110" ordinal="4" offset="37" sl="104" sc="13" el="104" ec="60" bec="0" bev="0" fileid="3" />
                <SequencePoint vc="4" uspid="111" ordinal="5" offset="46" sl="105" sc="9" el="105" ec="10" bec="0" bev="0" fileid="3" />
              </SequencePoints>
              <BranchPoints>
                <BranchPoint vc="4" uspid="112" ordinal="0" offset="9" sl="101" path="0" offsetend="11" fileid="3" />
                <BranchPoint vc="0" uspid="113" ordinal="1" offset="9" sl="101" path="1" offsetend="29" fileid="3" />
              </BranchPoints>
              <MethodPoint xsi:type="SequencePoint" vc="4" uspid="106" ordinal="0" offset="0" sl="100" sc="9" el="100" ec="10" bec="0" bev="0" fileid="3" />
            </Method>
            <Method visited="true" cyclomaticComplexity="1" nPathComplexity="0" sequenceCoverage="90" branchCoverage="100" isConstructor="false" isStatic="true" isGetter="false" isSetter="false">
              <Summary numSequencePoints="10" visitedSequencePoints="9" numBranchPoints="1" visitedBranchPoints="1" sequenceCoverage="90" branchCoverage="100" maxCyclomaticComplexity="1" minCyclomaticComplexity="1" visitedClasses="0" numClasses="0" visitedMethods="1" numMethods="1" />
              <MetadataToken>100663315</MetadataToken>
              <Name>T NHibernate.Json.JsonColumnType`1::CreateObject(System.Type)</Name>
              <FileRef uid="3" />
              <SequencePoints>
                <SequencePoint vc="4" uspid="114" ordinal="0" offset="0" sl="108" sc="9" el="108" ec="10" bec="0" bev="0" fileid="3" />
                <SequencePoint vc="4" uspid="115" ordinal="1" offset="1" sl="111" sc="13" el="111" ec="14" bec="0" bev="0" fileid="3" />
                <SequencePoint vc="4" uspid="116" ordinal="2" offset="2" sl="112" sc="17" el="112" ec="67" bec="0" bev="0" fileid="3" />
                <SequencePoint vc="0" uspid="117" ordinal="3" offset="10" sl="113" sc="13" el="113" ec="14" bec="0" bev="0" fileid="3" />
                <SequencePoint vc="4" uspid="118" ordinal="4" offset="13" sl="114" sc="13" el="114" ec="30" bec="0" bev="0" fileid="3" />
                <SequencePoint vc="4" uspid="119" ordinal="5" offset="14" sl="115" sc="13" el="115" ec="14" bec="0" bev="0" fileid="3" />
                <SequencePoint vc="4" uspid="120" ordinal="6" offset="15" sl="116" sc="17" el="116" ec="77" bec="0" bev="0" fileid="3" />
                <SequencePoint vc="4" uspid="121" ordinal="7" offset="22" sl="117" sc="13" el="117" ec="14" bec="0" bev="0" fileid="3" />
                <SequencePoint vc="4" uspid="122" ordinal="8" offset="26" sl="119" sc="13" el="119" ec="31" bec="0" bev="0" fileid="3" />
                <SequencePoint vc="4" uspid="123" ordinal="9" offset="35" sl="120" sc="9" el="120" ec="10" bec="0" bev="0" fileid="3" />
              </SequencePoints>
              <BranchPoints />
              <MethodPoint xsi:type="SequencePoint" vc="4" uspid="114" ordinal="0" offset="0" sl="108" sc="9" el="108" ec="10" bec="0" bev="0" fileid="3" />
            </Method>
            <Method visited="true" cyclomaticComplexity="1" nPathComplexity="0" sequenceCoverage="100" branchCoverage="100" isConstructor="false" isStatic="true" isGetter="false" isSetter="false">
              <Summary numSequencePoints="4" visitedSequencePoints="4" numBranchPoints="1" visitedBranchPoints="1" sequenceCoverage="100" branchCoverage="100" maxCyclomaticComplexity="1" minCyclomaticComplexity="1" visitedClasses="0" numClasses="0" visitedMethods="1" numMethods="1" />
              <MetadataToken>100663316</MetadataToken>
              <Name>System.String NHibernate.Json.JsonColumnType`1::ToJson(T)</Name>
              <FileRef uid="3" />
              <SequencePoints>
                <SequencePoint vc="12" uspid="124" ordinal="0" offset="0" sl="123" sc="9" el="123" ec="10" bec="0" bev="0" fileid="3" />
                <SequencePoint vc="12" uspid="125" ordinal="1" offset="1" sl="124" sc="13" el="124" ec="56" bec="0" bev="0" fileid="3" />
                <SequencePoint vc="12" uspid="126" ordinal="2" offset="13" sl="125" sc="13" el="125" ec="56" bec="0" bev="0" fileid="3" />
                <SequencePoint vc="12" uspid="127" ordinal="3" offset="23" sl="126" sc="9" el="126" ec="10" bec="0" bev="0" fileid="3" />
              </SequencePoints>
              <BranchPoints />
              <MethodPoint xsi:type="SequencePoint" vc="12" uspid="124" ordinal="0" offset="0" sl="123" sc="9" el="123" ec="10" bec="0" bev="0" fileid="3" />
            </Method>
            <Method visited="true" cyclomaticComplexity="1" nPathComplexity="0" sequenceCoverage="0" branchCoverage="0" isConstructor="true" isStatic="false" isGetter="false" isSetter="false">
              <Summary numSequencePoints="0" visitedSequencePoints="0" numBranchPoints="0" visitedBranchPoints="0" sequenceCoverage="0" branchCoverage="0" maxCyclomaticComplexity="1" minCyclomaticComplexity="1" visitedClasses="0" numClasses="0" visitedMethods="0" numMethods="0" />
              <MetadataToken>100663317</MetadataToken>
              <Name>System.Void NHibernate.Json.JsonColumnType`1::.ctor()</Name>
              <SequencePoints />
              <BranchPoints />
              <MethodPoint vc="3" uspid="128" ordinal="0" offset="0" />
            </Method>
          </Methods>
        </Class>
        <Class>
          <Summary numSequencePoints="28" visitedSequencePoints="22" numBranchPoints="17" visitedBranchPoints="14" sequenceCoverage="78.57" branchCoverage="82.35" maxCyclomaticComplexity="7" minCyclomaticComplexity="1" visitedClasses="1" numClasses="1" visitedMethods="3" numMethods="3" />
          <FullName>NHibernate.Json.JsonCompressor</FullName>
          <Methods>
            <Method visited="true" cyclomaticComplexity="6" nPathComplexity="6" sequenceCoverage="87.5" branchCoverage="83.33" isConstructor="false" isStatic="true" isGetter="false" isSetter="false">
              <Summary numSequencePoints="8" visitedSequencePoints="7" numBranchPoints="6" visitedBranchPoints="5" sequenceCoverage="87.5" branchCoverage="83.33" maxCyclomaticComplexity="6" minCyclomaticComplexity="6" visitedClasses="0" numClasses="0" visitedMethods="1" numMethods="1" />
              <MetadataToken>100663318</MetadataToken>
              <Name>System.String NHibernate.Json.JsonCompressor::Compress(System.String,NHibernate.Json.Compressor)</Name>
              <FileRef uid="4" />
              <SequencePoints>
                <SequencePoint vc="18" uspid="129" ordinal="0" offset="0" sl="11" sc="9" el="11" ec="10" bec="0" bev="0" fileid="4" />
                <SequencePoint vc="18" uspid="130" ordinal="1" offset="1" sl="12" sc="13" el="12" ec="85" bec="2" bev="2" fileid="4" />
                <SequencePoint vc="2" uspid="131" ordinal="2" offset="33" sl="13" sc="17" el="13" ec="30" bec="0" bev="0" fileid="4" />
                <SequencePoint vc="16" uspid="132" ordinal="3" offset="37" sl="15" sc="13" el="15" ec="32" bec="3" bev="2" fileid="4" />
                <SequencePoint vc="2" uspid="133" ordinal="4" offset="55" sl="18" sc="21" el="18" ec="65" bec="0" bev="0" fileid="4" />
                <SequencePoint vc="14" uspid="134" ordinal="5" offset="64" sl="20" sc="21" el="20" ec="68" bec="0" bev="0" fileid="4" />
                <SequencePoint vc="0" uspid="135" ordinal="6" offset="73" sl="22" sc="21" el="22" ec="68" bec="0" bev="0" fileid="4" />
                <SequencePoint vc="18" uspid="136" ordinal="7" offset="82" sl="24" sc="9" el="24" ec="10" bec="0" bev="0" fileid="4" />
              </SequencePoints>
              <BranchPoints>
                <BranchPoint vc="2" uspid="139" ordinal="2" offset="31" sl="12" path="0" offsetend="33" fileid="4" />
                <BranchPoint vc="16" uspid="140" ordinal="3" offset="31" sl="12" path="1" offsetend="37" fileid="4" />
                <BranchPoint vc="0" uspid="141" ordinal="4" offset="40" sl="15" path="0" offsetchain="53" offsetend="73" fileid="4" />
                <BranchPoint vc="2" uspid="142" ordinal="5" offset="40" sl="15" path="1" offsetend="55" fileid="4" />
                <BranchPoint vc="14" uspid="143" ordinal="6" offset="40" sl="15" path="2" offsetend="64" fileid="4" />
              </BranchPoints>
              <MethodPoint xsi:type="SequencePoint" vc="18" uspid="129" ordinal="0" offset="0" sl="11" sc="9" el="11" ec="10" bec="0" bev="0" fileid="4" />
            </Method>
            <Method visited="true" cyclomaticComplexity="7" nPathComplexity="24" sequenceCoverage="73.68" branchCoverage="80" isConstructor="false" isStatic="true" isGetter="false" isSetter="false">
              <Summary numSequencePoints="19" visitedSequencePoints="14" numBranchPoints="10" visitedBranchPoints="8" sequenceCoverage="73.68" branchCoverage="80" maxCyclomaticComplexity="7" minCyclomaticComplexity="7" visitedClasses="0" numClasses="0" visitedMethods="1" numMethods="1" />
              <MetadataToken>100663319</MetadataToken>
              <Name>System.String NHibernate.Json.JsonCompressor::Decompress(System.String,NHibernate.Json.Compressor)</Name>
              <FileRef uid="4" />
              <SequencePoints>
                <SequencePoint vc="4" uspid="144" ordinal="0" offset="0" sl="27" sc="9" el="27" ec="10" bec="0" bev="0" fileid="4" />
                <SequencePoint vc="4" uspid="145" ordinal="1" offset="1" sl="28" sc="13" el="28" ec="31" bec="2" bev="1" fileid="4" />
                <SequencePoint vc="0" uspid="146" ordinal="2" offset="12" sl="29" sc="17" el="29" ec="29" bec="0" bev="0" fileid="4" />
                <SequencePoint vc="4" uspid="147" ordinal="3" offset="20" sl="31" sc="13" el="31" ec="39" bec="2" bev="2" fileid="4" />
                <SequencePoint vc="2" uspid="148" ordinal="4" offset="38" sl="32" sc="17" el="32" ec="30" bec="0" bev="0" fileid="4" />
                <SequencePoint vc="2" uspid="149" ordinal="5" offset="42" sl="35" sc="13" el="35" ec="53" bec="0" bev="0" fileid="4" />
                <SequencePoint vc="2" uspid="150" ordinal="6" offset="54" sl="37" sc="13" el="37" ec="26" bec="2" bev="2" fileid="4" />
                <SequencePoint vc="1" uspid="151" ordinal="7" offset="62" sl="38" sc="17" el="38" ec="46" bec="0" bev="0" fileid="4" />
                <SequencePoint vc="2" uspid="152" ordinal="8" offset="65" sl="40" sc="13" el="40" ec="14" bec="0" bev="0" fileid="4" />
                <SequencePoint vc="2" uspid="153" ordinal="9" offset="66" sl="41" sc="17" el="41" ec="57" bec="0" bev="0" fileid="4" />
                <SequencePoint vc="2" uspid="154" ordinal="10" offset="73" sl="42" sc="13" el="42" ec="14" bec="0" bev="0" fileid="4" />
                <SequencePoint vc="0" uspid="155" ordinal="11" offset="76" sl="43" sc="13" el="43" ec="30" bec="0" bev="0" fileid="4" />
                <SequencePoint vc="0" uspid="156" ordinal="12" offset="77" sl="44" sc="13" el="44" ec="14" bec="0" bev="0" fileid="4" />
                <SequencePoint vc="0" uspid="157" ordinal="13" offset="78" sl="45" sc="17" el="45" ec="30" bec="0" bev="0" fileid="4" />
                <SequencePoint vc="2" uspid="158" ordinal="14" offset="83" sl="48" sc="13" el="48" ec="32" bec="3" bev="2" fileid="4" />
                <SequencePoint vc="1" uspid="159" ordinal="15" offset="103" sl="51" sc="21" el="51" ec="67" bec="0" bev="0" fileid="4" />
                <SequencePoint vc="1" uspid="160" ordinal="16" offset="112" sl="53" sc="21" el="53" ec="70" bec="0" bev="0" fileid="4" />
                <SequencePoint vc="0" uspid="161" ordinal="17" offset="121" sl="55" sc="21" el="55" ec="70" bec="0" bev="0" fileid="4" />
                <SequencePoint vc="4" uspid="162" ordinal="18" offset="131" sl="57" sc="9" el="57" ec="10" bec="0" bev="0" fileid="4" />
              </SequencePoints>
              <BranchPoints>
                <BranchPoint vc="0" uspid="163" ordinal="0" offset="10" sl="28" path="0" offsetend="12" fileid="4" />
                <BranchPoint vc="4" uspid="164" ordinal="1" offset="10" sl="28" path="1" offsetend="20" fileid="4" />
                <BranchPoint vc="2" uspid="165" ordinal="2" offset="36" sl="31" path="0" offsetend="38" fileid="4" />
                <BranchPoint vc="2" uspid="166" ordinal="3" offset="36" sl="31" path="1" offsetend="42" fileid="4" />
                <BranchPoint vc="1" uspid="167" ordinal="4" offset="60" sl="37" path="0" offsetend="62" fileid="4" />
                <BranchPoint vc="1" uspid="168" ordinal="5" offset="60" sl="37" path="1" offsetend="65" fileid="4" />
                <BranchPoint vc="0" uspid="169" ordinal="6" offset="88" sl="48" path="0" offsetchain="101" offsetend="121" fileid="4" />
                <BranchPoint vc="1" uspid="170" ordinal="7" offset="88" sl="48" path="1" offsetend="103" fileid="4" />
                <BranchPoint vc="1" uspid="171" ordinal="8" offset="88" sl="48" path="2" offsetend="112" fileid="4" />
              </BranchPoints>
              <MethodPoint xsi:type="SequencePoint" vc="4" uspid="144" ordinal="0" offset="0" sl="27" sc="9" el="27" ec="10" bec="0" bev="0" fileid="4" />
            </Method>
            <Method visited="false" cyclomaticComplexity="1" nPathComplexity="0" sequenceCoverage="0" branchCoverage="0" isConstructor="true" isStatic="false" isGetter="false" isSetter="false">
              <Summary numSequencePoints="0" visitedSequencePoints="0" numBranchPoints="0" visitedBranchPoints="0" sequenceCoverage="0" branchCoverage="0" maxCyclomaticComplexity="1" minCyclomaticComplexity="1" visitedClasses="0" numClasses="0" visitedMethods="0" numMethods="0" />
              <MetadataToken>100663320</MetadataToken>
              <Name>System.Void NHibernate.Json.JsonCompressor::.ctor()</Name>
              <SequencePoints />
              <BranchPoints />
              <MethodPoint vc="0" uspid="172" ordinal="0" offset="0" />
            </Method>
            <Method visited="true" cyclomaticComplexity="1" nPathComplexity="0" sequenceCoverage="100" branchCoverage="100" isConstructor="true" isStatic="true" isGetter="false" isSetter="false">
              <Summary numSequencePoints="1" visitedSequencePoints="1" numBranchPoints="1" visitedBranchPoints="1" sequenceCoverage="100" branchCoverage="100" maxCyclomaticComplexity="1" minCyclomaticComplexity="1" visitedClasses="0" numClasses="0" visitedMethods="1" numMethods="1" />
              <MetadataToken>100663321</MetadataToken>
              <Name>System.Void NHibernate.Json.JsonCompressor::.cctor()</Name>
              <FileRef uid="4" />
              <SequencePoints>
                <SequencePoint vc="1" uspid="173" ordinal="0" offset="0" sl="8" sc="9" el="8" ec="55" bec="0" bev="0" fileid="4" />
              </SequencePoints>
              <BranchPoints />
              <MethodPoint xsi:type="SequencePoint" vc="1" uspid="173" ordinal="0" offset="0" sl="8" sc="9" el="8" ec="55" bec="0" bev="0" fileid="4" />
            </Method>
          </Methods>
        </Class>
        <Class>
          <Summary numSequencePoints="17" visitedSequencePoints="17" numBranchPoints="6" visitedBranchPoints="6" sequenceCoverage="100" branchCoverage="100" maxCyclomaticComplexity="2" minCyclomaticComplexity="1" visitedClasses="1" numClasses="1" visitedMethods="6" numMethods="6" />
          <FullName>NHibernate.Json.JsonWorker</FullName>
          <Methods>
            <Method visited="true" cyclomaticComplexity="1" nPathComplexity="0" sequenceCoverage="100" branchCoverage="100" isConstructor="true" isStatic="true" isGetter="false" isSetter="false">
              <Summary numSequencePoints="3" visitedSequencePoints="3" numBranchPoints="1" visitedBranchPoints="1" sequenceCoverage="100" branchCoverage="100" maxCyclomaticComplexity="1" minCyclomaticComplexity="1" visitedClasses="0" numClasses="0" visitedMethods="1" numMethods="1" />
              <MetadataToken>100663322</MetadataToken>
              <Name>System.Void NHibernate.Json.JsonWorker::.cctor()</Name>
              <FileRef uid="5" />
              <SequencePoints>
                <SequencePoint vc="1" uspid="174" ordinal="0" offset="0" sl="15" sc="9" el="15" ec="10" bec="0" bev="0" fileid="5" />
                <SequencePoint vc="1" uspid="175" ordinal="1" offset="1" sl="16" sc="13" el="23" ec="19" bec="0" bev="0" fileid="5" />
                <SequencePoint vc="1" uspid="176" ordinal="2" offset="75" sl="24" sc="9" el="24" ec="10" bec="0" bev="0" fileid="5" />
              </SequencePoints>
              <BranchPoints />
              <MethodPoint xsi:type="SequencePoint" vc="1" uspid="174" ordinal="0" offset="0" sl="15" sc="9" el="15" ec="10" bec="0" bev="0" fileid="5" />
            </Method>
            <Method visited="true" cyclomaticComplexity="2" nPathComplexity="0" sequenceCoverage="100" branchCoverage="100" isConstructor="false" isStatic="true" isGetter="false" isSetter="false">
              <Summary numSequencePoints="4" visitedSequencePoints="4" numBranchPoints="1" visitedBranchPoints="1" sequenceCoverage="100" branchCoverage="100" maxCyclomaticComplexity="2" minCyclomaticComplexity="2" visitedClasses="0" numClasses="0" visitedMethods="1" numMethods="1" />
              <MetadataToken>100663323</MetadataToken>
              <Name>Newtonsoft.Json.JsonSerializerSettings NHibernate.Json.JsonWorker::Configure(System.Action`1&lt;Newtonsoft.Json.JsonSerializerSettings&gt;[])</Name>
              <FileRef uid="5" />
              <SequencePoints>
                <SequencePoint vc="1" uspid="177" ordinal="0" offset="0" sl="27" sc="9" el="27" ec="10" bec="0" bev="0" fileid="5" />
                <SequencePoint vc="1" uspid="178" ordinal="1" offset="1" sl="28" sc="13" el="28" ec="47" bec="0" bev="0" fileid="5" />
                <SequencePoint vc="1" uspid="179" ordinal="2" offset="39" sl="29" sc="13" el="29" ec="29" bec="0" bev="0" fileid="5" />
                <SequencePoint vc="1" uspid="180" ordinal="3" offset="47" sl="30" sc="9" el="30" ec="10" bec="0" bev="0" fileid="5" />
              </SequencePoints>
              <BranchPoints />
              <MethodPoint xsi:type="SequencePoint" vc="1" uspid="177" ordinal="0" offset="0" sl="27" sc="9" el="27" ec="10" bec="0" bev="0" fileid="5" />
            </Method>
            <Method visited="true" cyclomaticComplexity="1" nPathComplexity="0" sequenceCoverage="100" branchCoverage="100" isConstructor="false" isStatic="true" isGetter="false" isSetter="false">
              <Summary numSequencePoints="3" visitedSequencePoints="3" numBranchPoints="1" visitedBranchPoints="1" sequenceCoverage="100" branchCoverage="100" maxCyclomaticComplexity="1" minCyclomaticComplexity="1" visitedClasses="0" numClasses="0" visitedMethods="1" numMethods="1" />
              <MetadataToken>100663324</MetadataToken>
              <Name>System.String NHibernate.Json.JsonWorker::Serialize(System.Object)</Name>
              <FileRef uid="5" />
              <SequencePoints>
                <SequencePoint vc="21" uspid="183" ordinal="0" offset="0" sl="33" sc="9" el="33" ec="10" bec="0" bev="0" fileid="5" />
                <SequencePoint vc="21" uspid="184" ordinal="1" offset="1" sl="34" sc="13" el="34" ec="80" bec="0" bev="0" fileid="5" />
                <SequencePoint vc="21" uspid="185" ordinal="2" offset="16" sl="35" sc="9" el="35" ec="10" bec="0" bev="0" fileid="5" />
              </SequencePoints>
              <BranchPoints />
              <MethodPoint xsi:type="SequencePoint" vc="21" uspid="183" ordinal="0" offset="0" sl="33" sc="9" el="33" ec="10" bec="0" bev="0" fileid="5" />
            </Method>
            <Method visited="true" cyclomaticComplexity="1" nPathComplexity="0" sequenceCoverage="100" branchCoverage="100" isConstructor="false" isStatic="true" isGetter="false" isSetter="false">
              <Summary numSequencePoints="3" visitedSequencePoints="3" numBranchPoints="1" visitedBranchPoints="1" sequenceCoverage="100" branchCoverage="100" maxCyclomaticComplexity="1" minCyclomaticComplexity="1" visitedClasses="0" numClasses="0" visitedMethods="1" numMethods="1" />
              <MetadataToken>100663325</MetadataToken>
              <Name>T NHibernate.Json.JsonWorker::Deserialize(System.String)</Name>
              <FileRef uid="5" />
              <SequencePoints>
                <SequencePoint vc="1" uspid="186" ordinal="0" offset="0" sl="38" sc="9" el="38" ec="10" bec="0" bev="0" fileid="5" />
                <SequencePoint vc="1" uspid="187" ordinal="1" offset="1" sl="39" sc="13" el="39" ec="69" bec="0" bev="0" fileid="5" />
                <SequencePoint vc="1" uspid="188" ordinal="2" offset="15" sl="40" sc="9" el="40" ec="10" bec="0" bev="0" fileid="5" />
              </SequencePoints>
              <BranchPoints />
              <MethodPoint xsi:type="SequencePoint" vc="1" uspid="186" ordinal="0" offset="0" sl="38" sc="9" el="38" ec="10" bec="0" bev="0" fileid="5" />
            </Method>
            <Method visited="true" cyclomaticComplexity="1" nPathComplexity="0" sequenceCoverage="100" branchCoverage="100" isConstructor="false" isStatic="true" isGetter="false" isSetter="false">
              <Summary numSequencePoints="3" visitedSequencePoints="3" numBranchPoints="1" visitedBranchPoints="1" sequenceCoverage="100" branchCoverage="100" maxCyclomaticComplexity="1" minCyclomaticComplexity="1" visitedClasses="0" numClasses="0" visitedMethods="1" numMethods="1" />
              <MetadataToken>100663326</MetadataToken>
              <Name>System.Void NHibernate.Json.JsonWorker::PopulateObject(System.String,T)</Name>
              <FileRef uid="5" />
              <SequencePoints>
                <SequencePoint vc="1" uspid="189" ordinal="0" offset="0" sl="43" sc="9" el="43" ec="10" bec="0" bev="0" fileid="5" />
                <SequencePoint vc="1" uspid="190" ordinal="1" offset="1" sl="44" sc="13" el="44" ec="61" bec="0" bev="0" fileid="5" />
                <SequencePoint vc="1" uspid="191" ordinal="2" offset="19" sl="45" sc="9" el="45" ec="10" bec="0" bev="0" fileid="5" />
              </SequencePoints>
              <BranchPoints />
              <MethodPoint xsi:type="SequencePoint" vc="1" uspid="189" ordinal="0" offset="0" sl="43" sc="9" el="43" ec="10" bec="0" bev="0" fileid="5" />
            </Method>
            <Method visited="false" cyclomaticComplexity="1" nPathComplexity="0" sequenceCoverage="0" branchCoverage="0" isConstructor="true" isStatic="false" isGetter="false" isSetter="false">
              <Summary numSequencePoints="0" visitedSequencePoints="0" numBranchPoints="0" visitedBranchPoints="0" sequenceCoverage="0" branchCoverage="0" maxCyclomaticComplexity="1" minCyclomaticComplexity="1" visitedClasses="0" numClasses="0" visitedMethods="0" numMethods="0" />
              <MetadataToken>100663327</MetadataToken>
              <Name>System.Void NHibernate.Json.JsonWorker::.ctor()</Name>
              <SequencePoints />
              <BranchPoints />
              <MethodPoint vc="0" uspid="192" ordinal="0" offset="0" />
            </Method>
            <Method visited="true" cyclomaticComplexity="1" nPathComplexity="0" sequenceCoverage="100" branchCoverage="100" isConstructor="false" isStatic="true" isGetter="false" isSetter="false">
              <Summary numSequencePoints="1" visitedSequencePoints="1" numBranchPoints="1" visitedBranchPoints="1" sequenceCoverage="100" branchCoverage="100" maxCyclomaticComplexity="1" minCyclomaticComplexity="1" visitedClasses="0" numClasses="0" visitedMethods="1" numMethods="1" />
              <MetadataToken>100663328</MetadataToken>
              <Name>System.Void NHibernate.Json.JsonWorker::&lt;Configure&gt;b__2(System.Action`1&lt;Newtonsoft.Json.JsonSerializerSettings&gt;)</Name>
              <FileRef uid="5" />
              <SequencePoints>
                <SequencePoint vc="1" uspid="193" ordinal="0" offset="0" sl="28" sc="34" el="28" ec="45" bec="0" bev="0" fileid="5" />
              </SequencePoints>
              <BranchPoints />
              <MethodPoint xsi:type="SequencePoint" vc="1" uspid="193" ordinal="0" offset="0" sl="28" sc="34" el="28" ec="45" bec="0" bev="0" fileid="5" />
            </Method>
          </Methods>
        </Class>
      </Classes>
    </Module>
    <Module skippedDueTo="Filter" hash="14-44-50-38-34-98-5F-C6-45-8B-50-B5-CF-D7-E1-0A-28-8F-5E-E8">
      <ModulePath>C:\Windows\Microsoft.Net\assembly\GAC_MSIL\System.Xml\v4.0_4.0.0.0__b77a5c561934e089\System.Xml.dll</ModulePath>
      <ModuleTime>2016-01-23T02:45:41.3556585Z</ModuleTime>
      <ModuleName>System.Xml</ModuleName>
      <Classes />
    </Module>
    <Module skippedDueTo="Filter" hash="07-45-D5-E5-64-A5-50-1F-70-A0-AC-85-75-89-96-B5-69-A5-81-0F">
      <ModulePath>C:\Users\paul.vecchiato\AppData\Local\Temp\dfc36982-ef03-418d-bb51-4571af1ab40b\dfc36982-ef03-418d-bb51-4571af1ab40b\assembly\dl3\4a4e7eb3\a6b45b98_a87ad201\xunit.assert.dll</ModulePath>
      <ModuleTime>2017-02-01T08:16:55.6451285Z</ModuleTime>
      <ModuleName>xunit.assert</ModuleName>
      <Classes />
    </Module>
    <Module skippedDueTo="Filter" hash="F0-65-84-49-30-EE-D3-6F-99-3E-9F-0C-75-33-E4-04-AC-F6-BB-9F">
      <ModulePath>C:\Users\paul.vecchiato\AppData\Local\Temp\dfc36982-ef03-418d-bb51-4571af1ab40b\dfc36982-ef03-418d-bb51-4571af1ab40b\assembly\dl3\0f2d7992\5834c73e_a77ad201\Newtonsoft.Json.dll</ModulePath>
      <ModuleTime>2017-02-01T08:16:55.6922513Z</ModuleTime>
      <ModuleName>Newtonsoft.Json</ModuleName>
      <Classes />
    </Module>
    <Module skippedDueTo="Filter" hash="CE-00-FC-74-00-4A-39-A6-92-09-02-14-FE-F5-83-F2-81-BC-DB-AF">
      <ModulePath>C:\Windows\Microsoft.Net\assembly\GAC_MSIL\System.Numerics\v4.0_4.0.0.0__b77a5c561934e089\System.Numerics.dll</ModulePath>
      <ModuleTime>2015-10-30T07:19:38.0338917Z</ModuleTime>
      <ModuleName>System.Numerics</ModuleName>
      <Classes />
    </Module>
    <Module skippedDueTo="Filter" hash="CF-AD-A8-7D-83-C3-74-19-7F-52-33-38-66-68-98-BD-CD-17-3B-31">
      <ModulePath>C:\Windows\Microsoft.Net\assembly\GAC_MSIL\System.Runtime.Serialization\v4.0_4.0.0.0__b77a5c561934e089\System.Runtime.Serialization.dll</ModulePath>
      <ModuleTime>2015-10-30T07:19:34.252655Z</ModuleTime>
      <ModuleName>System.Runtime.Serialization</ModuleName>
      <Classes />
    </Module>
    <Module skippedDueTo="Filter" hash="1D-43-36-2D-8B-2E-33-CE-61-DD-23-FB-CF-4A-31-FA-99-EF-8A-A3">
      <ModulePath>C:\Windows\Microsoft.Net\assembly\GAC_MSIL\System.Xml.Linq\v4.0_4.0.0.0__b77a5c561934e089\System.Xml.Linq.dll</ModulePath>
      <ModuleTime>2015-10-30T07:19:31.658911Z</ModuleTime>
      <ModuleName>System.Xml.Linq</ModuleName>
      <Classes />
    </Module>
    <Module skippedDueTo="Filter" hash="56-44-48-3A-5C-8D-A4-BA-A2-17-5C-08-AE-60-54-B4-7B-26-0B-CD">
      <ModulePath>C:\Windows\Microsoft.Net\assembly\GAC_64\System.Data\v4.0_4.0.0.0__b77a5c561934e089\System.Data.dll</ModulePath>
      <ModuleTime>2016-06-29T05:18:44.5431619Z</ModuleTime>
      <ModuleName>System.Data</ModuleName>
      <Classes />
    </Module>
    <Module skippedDueTo="Filter" hash="0F-EB-E4-2E-D6-32-D1-A7-37-3F-99-82-7D-F5-9B-6D-BA-5E-6E-9C">
      <ModulePath>C:\Windows\Microsoft.Net\assembly\GAC_MSIL\System.Reflection\v4.0_4.0.0.0__b03f5f7f11d50a3a\System.Reflection.dll</ModulePath>
      <ModuleTime>2015-10-30T07:19:36.283896Z</ModuleTime>
      <ModuleName>System.Reflection</ModuleName>
      <Classes />
    </Module>
    <Module skippedDueTo="Filter" hash="">
      <ModulePath>RefEmit_InMemoryManifestModule</ModulePath>
      <ModuleTime>0001-01-01T00:00:00</ModuleTime>
      <ModuleName>Microsoft.GeneratedCode</ModuleName>
      <Classes />
    </Module>
    <Module skippedDueTo="Filter" hash="F4-59-78-69-40-7F-2B-62-E5-0E-64-E8-88-65-FC-07-AA-34-4C-BF">
      <ModulePath>C:\Users\paul.vecchiato\AppData\Local\Temp\dfc36982-ef03-418d-bb51-4571af1ab40b\dfc36982-ef03-418d-bb51-4571af1ab40b\assembly\dl3\306e0977\6f59bcd8_a87ad201\System.Data.SQLite.dll</ModulePath>
      <ModuleTime>2017-02-01T08:16:57.6203755Z</ModuleTime>
      <ModuleName>System.Data.SQLite</ModuleName>
      <Classes />
    </Module>
    <Module skippedDueTo="Filter" hash="70-8D-55-8C-E3-C5-65-9F-93-AC-9A-65-79-74-16-4F-73-55-52-15">
      <ModulePath>C:\Windows\Microsoft.Net\assembly\GAC_64\System.Transactions\v4.0_4.0.0.0__b77a5c561934e089\System.Transactions.dll</ModulePath>
      <ModuleTime>2016-04-28T02:26:53.0739667Z</ModuleTime>
      <ModuleName>System.Transactions</ModuleName>
      <Classes />
    </Module>
    <Module skippedDueTo="Filter" hash="9F-A9-B4-B8-2A-47-CD-95-DD-6C-DC-DD-4D-08-CA-06-89-84-15-30">
      <ModulePath>C:\Windows\Microsoft.Net\assembly\GAC_64\System.EnterpriseServices\v4.0_4.0.0.0__b03f5f7f11d50a3a\System.EnterpriseServices.dll</ModulePath>
      <ModuleTime>2015-10-30T07:19:31.5964112Z</ModuleTime>
      <ModuleName>System.EnterpriseServices</ModuleName>
      <Classes />
    </Module>
  </Modules>
</CoverageSession>